<?xml version="1.0" encoding="UTF-8"?>
<testsuite name="data.JSONDataTest" tests="1" skipped="0" failures="0" errors="0" timestamp="2016-11-04T12:13:51" hostname="DESKTOP-TC2FSAV" time="0.0">
  <properties/>
  <testcase name="setAndGetData" classname="data.JSONDataTest" time="0.0"/>
  <system-out><![CDATA[]]></system-out>
  <system-err><![CDATA[]]></system-err>
</testsuite>
